#
# There is insufficient memory for the Java Runtime Environment to continue.
# Native memory allocation (malloc) failed to allocate 1048576 bytes. Error detail: AllocateHeap
# Possible reasons:
#   The system is out of physical RAM or swap space
#   This process is running with CompressedOops enabled, and the Java Heap may be blocking the growth of the native heap
# Possible solutions:
#   Reduce memory load on the system
#   Increase physical memory or swap space
#   Check if swap backing store is full
#   Decrease Java heap size (-Xmx/-Xms)
#   Decrease number of Java threads
#   Decrease Java thread stack sizes (-Xss)
#   Set larger code cache with -XX:ReservedCodeCacheSize=
#   JVM is running with Unscaled Compressed Oops mode in which the Java heap is
#     placed in the first 4GB address space. The Java Heap base address is the
#     maximum limit for the native heap growth. Please use -XX:HeapBaseMinAddress
#     to set the Java Heap base and to place the Java Heap above 4GB virtual address.
# This output file may be truncated or incomplete.
#
#  Out of Memory Error (allocation.cpp:44), pid=28632, tid=33960
#
# JRE version:  (22.0.1+8) (build )
# Java VM: Java HotSpot(TM) 64-Bit Server VM (22.0.1+8-16, mixed mode, sharing, tiered, compressed oops, compressed class ptrs, g1 gc, windows-amd64)
# No core dump will be written. Minidumps are not enabled by default on client versions of Windows
#

---------------  S U M M A R Y ------------

Command Line: -Dfile.encoding=UTF-8 --module-path=C:\Users\susha\OneDrive\Documents\NetBeansProjects\SMS\build\classes School_Management_System.AddDepartment

Host: AMD Ryzen 5 5600H with Radeon Graphics         , 12 cores, 7G,  Windows 11 , 64 bit Build 22000 (10.0.22000.434)
Time: Sun Jun 23 21:09:13 2024 India Standard Time elapsed time: 0.010165 seconds (0d 0h 0m 0s)

---------------  T H R E A D  ---------------

Current thread (0x000002651e139510):  JavaThread "Unknown thread" [_thread_in_vm, id=33960, stack(0x0000009124e00000,0x0000009124f00000) (1024K)]

Stack: [0x0000009124e00000,0x0000009124f00000]
Native frames: (J=compiled Java code, j=interpreted, Vv=VM code, C=native code)
V  [jvm.dll+0x6e2279]  (no source info available)
V  [jvm.dll+0x874e33]  (no source info available)
V  [jvm.dll+0x87725e]  (no source info available)
V  [jvm.dll+0x877933]  (no source info available)
V  [jvm.dll+0x27fd76]  (no source info available)
V  [jvm.dll+0xbe877]  (no source info available)
V  [jvm.dll+0x334fc4]  (no source info available)
V  [jvm.dll+0x32d12e]  (no source info available)
V  [jvm.dll+0x83ccdc]  (no source info available)
V  [jvm.dll+0x3c0d71]  (no source info available)
V  [jvm.dll+0x825ccc]  (no source info available)
V  [jvm.dll+0x45b8fe]  (no source info available)
V  [jvm.dll+0x45d781]  (no source info available)
C  [jli.dll+0x52a3]  (no source info available)
C  [ucrtbase.dll+0x26c0c]  (no source info available)
C  [KERNEL32.DLL+0x154e0]  (no source info available)
C  [ntdll.dll+0x485b]  (no source info available)


---------------  P R O C E S S  ---------------

Threads class SMR info:
_java_thread_list=0x00007ffb6fdfb1c8, length=0, elements={
}

Java Threads: ( => current thread )
Total: 0

Other Threads:
  0x000002651e34b1e0 WorkerThread "GC Thread#0"                     [id=33968, stack(0x0000009124f00000,0x0000009125000000) (1024K)]

[error occurred during error reporting (printing all threads), id 0xc0000005, EXCEPTION_ACCESS_VIOLATION (0xc0000005) at pc=0x00007ffb6f549a80]
VM state: not at safepoint (not fully initialized)

VM Mutex/Monitor currently owned by a thread:  ([mutex/lock_event])
[0x00007ffb6fe7bcb8] Heap_lock - owner thread: 0x000002651e139510

Heap address: 0x000000008a600000, size: 1882 MB, Compressed Oops mode: 32-bit

CDS archive(s) mapped at: [0x0000000000000000-0x0000000000000000-0x0000000000000000), size 0, SharedBaseAddress: 0x0000000800000000, ArchiveRelocationMode: 1.
Narrow klass base: 0x0000000000000000, Narrow klass shift: 0, Narrow klass range: 0x0

GC Precious Log:
 CardTable entry size: 512
 Card Set container configuration: InlinePtr #cards 5 size 8 Array Of Cards #cards 12 size 40 Howl #buckets 4 coarsen threshold 1843 Howl Bitmap #cards 512 size 80 coarsen threshold 460 Card regions per heap region 1 cards per card region 2048

Heap:
 garbage-first heap   total reserved 1927168K, committed 0K, used 0K [0x000000008a600000, 0x0000000100000000)
  region size 1024K, 0 young (0K), 0 survivors (0K)

[error occurred during error reporting (printing heap information), id 0xc0000005, EXCEPTION_ACCESS_VIOLATION (0xc0000005) at pc=0x00007ffb6f94e429]
GC Heap History (0 events):
No events

Dll operation events (1 events):
Event: 0.007 Loaded shared library C:\Program Files\Java\jdk-22\bin\java.dll

Deoptimization events (0 events):
No events

Classes loaded (0 events):
No events

Classes unloaded (0 events):
No events

Classes redefined (0 events):
No events

Internal exceptions (0 events):
No events

ZGC Phase Switch (0 events):
No events

VM Operations (0 events):
No events

Events (0 events):
No events


Dynamic libraries:
0x00007ff77c0f0000 - 0x00007ff77c100000 	C:\Program Files\Java\jdk-22\bin\java.exe
0x00007ffbcc220000 - 0x00007ffbcc429000 	C:\windows\SYSTEM32\ntdll.dll
0x00007ffbcaf20000 - 0x00007ffbcafdd000 	C:\windows\System32\KERNEL32.DLL
0x00007ffbc9d40000 - 0x00007ffbca0b4000 	C:\windows\System32\KERNELBASE.dll
0x00007ffbc9ab0000 - 0x00007ffbc9bc1000 	C:\windows\System32\ucrtbase.dll
0x00007ffb6f1f0000 - 0x00007ffb6f20b000 	C:\Program Files\Java\jdk-22\bin\VCRUNTIME140.dll
0x00007ffbc5ee0000 - 0x00007ffbc5ef7000 	C:\Program Files\Java\jdk-22\bin\jli.dll
0x00007ffbcab50000 - 0x00007ffbcabfe000 	C:\windows\System32\ADVAPI32.dll
0x00007ffbcb9d0000 - 0x00007ffbcba73000 	C:\windows\System32\msvcrt.dll
0x00007ffbcc140000 - 0x00007ffbcc1de000 	C:\windows\System32\sechost.dll
0x00007ffbcb060000 - 0x00007ffbcb180000 	C:\windows\System32\RPCRT4.dll
0x00007ffbcb730000 - 0x00007ffbcb8dc000 	C:\windows\System32\USER32.dll
0x00007ffbc9bd0000 - 0x00007ffbc9bf6000 	C:\windows\System32\win32u.dll
0x00007ffbb4090000 - 0x00007ffbb4335000 	C:\windows\WinSxS\amd64_microsoft.windows.common-controls_6595b64144ccf1df_6.0.22000.120_none_9d947278b86cc467\COMCTL32.dll
0x00007ffbcb210000 - 0x00007ffbcb239000 	C:\windows\System32\GDI32.dll
0x00007ffbc98f0000 - 0x00007ffbc9a02000 	C:\windows\System32\gdi32full.dll
0x00007ffbc9a10000 - 0x00007ffbc9aad000 	C:\windows\System32\msvcp_win.dll
0x00007ffbc2cc0000 - 0x00007ffbc2cca000 	C:\windows\SYSTEM32\VERSION.dll
0x00007ffbcbc30000 - 0x00007ffbcbc61000 	C:\windows\System32\IMM32.DLL
0x00007ffb6f1e0000 - 0x00007ffb6f1ec000 	C:\Program Files\Java\jdk-22\bin\vcruntime140_1.dll
0x00007ffba8f40000 - 0x00007ffba8fce000 	C:\Program Files\Java\jdk-22\bin\msvcp140.dll
0x00007ffb6f210000 - 0x00007ffb6ff57000 	C:\Program Files\Java\jdk-22\bin\server\jvm.dll
0x00007ffbcac00000 - 0x00007ffbcac6f000 	C:\windows\System32\WS2_32.dll
0x00007ffbc95e0000 - 0x00007ffbc962d000 	C:\windows\SYSTEM32\POWRPROF.dll
0x00007ffbc37c0000 - 0x00007ffbc37f3000 	C:\windows\SYSTEM32\WINMM.dll
0x00007ffbc95c0000 - 0x00007ffbc95d3000 	C:\windows\SYSTEM32\UMPDC.dll
0x00007ffbc8810000 - 0x00007ffbc8828000 	C:\windows\SYSTEM32\kernel.appcore.dll
0x00007ffb6f170000 - 0x00007ffb6f17a000 	C:\Program Files\Java\jdk-22\bin\jimage.dll
0x00007ffbc04e0000 - 0x00007ffbc0701000 	C:\windows\SYSTEM32\DBGHELP.DLL
0x00007ffbc0010000 - 0x00007ffbc0041000 	C:\windows\SYSTEM32\dbgcore.DLL
0x00007ffbc9cc0000 - 0x00007ffbc9d3f000 	C:\windows\System32\bcryptPrimitives.dll
0x00007ffb6f180000 - 0x00007ffb6f19e000 	C:\Program Files\Java\jdk-22\bin\java.dll
0x00007ffbca380000 - 0x00007ffbcab2e000 	C:\windows\System32\SHELL32.dll
0x00007ffbcba90000 - 0x00007ffbcbc2a000 	C:\windows\System32\ole32.dll
0x00007ffbcbdc0000 - 0x00007ffbcc138000 	C:\windows\System32\combase.dll

dbghelp: loaded successfully - version: 4.0.5 - missing functions: none
symbol engine: initialized successfully - sym options: 0x614 - pdb path: .;C:\Program Files\Java\jdk-22\bin;C:\windows\SYSTEM32;C:\windows\WinSxS\amd64_microsoft.windows.common-controls_6595b64144ccf1df_6.0.22000.120_none_9d947278b86cc467;C:\Program Files\Java\jdk-22\bin\server

VM Arguments:
jvm_args: -Dfile.encoding=UTF-8 --module-path=C:\Users\susha\OneDrive\Documents\NetBeansProjects\SMS\build\classes 
java_command: School_Management_System.AddDepartment
java_class_path (initial): C:\mysql-connector-j-8.4.0.jar;C:\Users\susha\OneDrive\Documents\NetBeansProjects\SMS\build\classes
Launcher Type: SUN_STANDARD

[Global flags]
     intx CICompilerCount                          = 4                                         {product} {ergonomic}
     uint ConcGCThreads                            = 3                                         {product} {ergonomic}
     uint G1ConcRefinementThreads                  = 10                                        {product} {ergonomic}
   size_t G1HeapRegionSize                         = 1048576                                   {product} {ergonomic}
   size_t InitialHeapSize                          = 123731968                                 {product} {ergonomic}
   size_t MarkStackSize                            = 4194304                                   {product} {ergonomic}
   size_t MaxHeapSize                              = 1973420032                                {product} {ergonomic}
   size_t MinHeapDeltaBytes                        = 1048576                                   {product} {ergonomic}
   size_t MinHeapSize                              = 8388608                                   {product} {ergonomic}
    uintx NonNMethodCodeHeapSize                   = 5839372                                {pd product} {ergonomic}
    uintx NonProfiledCodeHeapSize                  = 122909434                              {pd product} {ergonomic}
    uintx ProfiledCodeHeapSize                     = 122909434                              {pd product} {ergonomic}
    uintx ReservedCodeCacheSize                    = 251658240                              {pd product} {ergonomic}
     bool SegmentedCodeCache                       = true                                      {product} {ergonomic}
   size_t SoftMaxHeapSize                          = 1973420032                             {manageable} {ergonomic}
     bool UseCompressedOops                        = true                           {product lp64_product} {ergonomic}
     bool UseG1GC                                  = true                                      {product} {ergonomic}
     bool UseLargePagesIndividualAllocation        = false                                  {pd product} {ergonomic}

Logging:
Log output configuration:
 #0: stdout all=warning uptime,level,tags foldmultilines=false
 #1: stderr all=off uptime,level,tags foldmultilines=false

Environment Variables:
JAVA_HOME=C:\Program Files\Java\jdk-22
PATH=C:\Program Files\Common Files\Oracle\Java\javapath;C:\windows\system32;C:\windows;C:\windows\System32\Wbem;C:\windows\System32\WindowsPowerShell\v1.0\;C:\windows\System32\OpenSSH\;C:\Program Files (x86)\NVIDIA Corporation\PhysX\Common;C:\Program Files\NVIDIA Corporation\NVIDIA NvDLISR;C:\Program Files\MySQL\MySQL Server 8.0\bin;C:\Program Files\Java\jdk-22\bin;C:\Program Files\MySQL\MySQL Shell 8.0\bin\;C:\Users\susha\AppData\Local\Microsoft\WindowsApps;C:\Users\susha\AppData\Local\Programs\Microsoft VS Code\bin;C:\MinGW\bin;
USERNAME=susha
OS=Windows_NT
PROCESSOR_IDENTIFIER=AMD64 Family 25 Model 80 Stepping 0, AuthenticAMD
TMP=C:\Users\susha\AppData\Local\Temp
TEMP=C:\Users\susha\AppData\Local\Temp




Periodic native trim disabled

---------------  S Y S T E M  ---------------

OS:
 Windows 11 , 64 bit Build 22000 (10.0.22000.434)
OS uptime: 0 days 10:25 hours

CPU: total 12 (initial active 12) (12 cores per cpu, 2 threads per core) family 25 model 80 stepping 0 microcode 0x0, cx8, cmov, fxsr, ht, mmx, 3dnowpref, sse, sse2, sse3, ssse3, sse4a, sse4.1, sse4.2, popcnt, lzcnt, tsc, tscinvbit, avx, avx2, aes, erms, clmul, bmi1, bmi2, adx, sha, fma, vzeroupper, clflush, clflushopt, rdtscp, rdpid, fsrm, f16c, pku, cet_ss
Processor Information for all 12 processors :
  Max Mhz: 3301, Current Mhz: 3301, Mhz Limit: 3301

Memory: 4k page, system-wide physical 7520M (592M free)
TotalPageFile size 31072M (AvailPageFile size 5M)
current process WorkingSet (physical memory assigned to process): 11M, peak: 11M
current process commit charge ("private bytes"): 61M, peak: 62M

vm_info: Java HotSpot(TM) 64-Bit Server VM (22.0.1+8-16) for windows-amd64 JRE (22.0.1+8-16), built on 2024-03-12T10:33:16Z by "mach5one" with MS VC++ 17.6 (VS2022)

END.
